warn: Ruta GET /users/signin no implementada
warn: Ruta GET / no implementada
warn: Ruta GET /carrito no implementada
warn: Ruta GET /g7GeuAdjgY2jvJzc1WRw no implementada
warn: Ruta GET /g7GeuAdjgY2jvJzc1WRw no implementada
warn: Ruta GET /... no implementada
warn: Ruta GET /... no implementada
warn: Ruta GET /... no implementada
warn: Ruta GET /... no implementada
warn: Ruta GET /... no implementada
warn: Ruta GET /... no implementada
warn: Ruta GET /... no implementada
warn: Ruta GET /... no implementada
warn: Ruta GET /... no implementada
warn: Ruta GET /... no implementada
warn: Ruta GET /... no implementada
warn: Ruta GET /... no implementada
warn: Ruta GET /... no implementada
warn: Ruta GET /... no implementada
warn: Ruta GET /... no implementada
warn: Ruta GET /... no implementada
warn: Ruta GET /... no implementada
warn: Ruta GET /... no implementada
warn: Ruta GET /... no implementada
warn: Ruta GET /... no implementada
warn: Ruta GET /... no implementada
warn: Ruta GET /... no implementada
warn: Ruta GET /... no implementada
warn: Ruta POST /mWSu3kNDhUjuAUGR1dYF/productos/62aa56113661958e6a3db329 no implementada
warn: Ruta GET /... no implementada
warn: Ruta GET /... no implementada
warn: Ruta GET /... no implementada
warn: Ruta GET /... no implementada
warn: Ruta GET /... no implementada
warn: Ruta GET /... no implementada
warn: Ruta GET /... no implementada
warn: Ruta GET /... no implementada
warn: Ruta GET /... no implementada
warn: Ruta GET /... no implementada
warn: Ruta GET /... no implementada
warn: Ruta GET /... no implementada
warn: Ruta GET /... no implementada
warn: Ruta GET /... no implementada
warn: Ruta GET /... no implementada
warn: Ruta GET /... no implementada
warn: Ruta GET /... no implementada
warn: Ruta GET /... no implementada
warn: Ruta GET /... no implementada
warn: Ruta GET /api/carrito/Tbf86eja8ZWDElLkx10q/... no implementada
warn: Ruta GET /api/carrito/Tbf86eja8ZWDElLkx10q/... no implementada
warn: Ruta GET /api/carrito/Tbf86eja8ZWDElLkx10q/... no implementada
warn: Ruta GET /api/carrito/Tbf86eja8ZWDElLkx10q/... no implementada
warn: Ruta GET /api/users/signin no implementada
warn: Ruta GET /... no implementada
warn: Ruta GET /... no implementada
warn: Ruta GET /... no implementada
warn: Ruta GET /... no implementada
warn: Ruta GET /... no implementada
warn: Ruta GET /... no implementada
warn: Ruta GET /... no implementada
warn: Ruta GET /... no implementada
warn: Ruta GET /... no implementada
warn: Ruta GET /api/carrito/y8m3G5FEBUJ7Bu9FevWK/... no implementada
warn: Ruta GET /... no implementada
warn: Ruta GET /api/carrito/y8m3G5FEBUJ7Bu9FevWK/... no implementada
